---------------------------------------
Begin PBS Prologue Tue Aug 27 13:03:09 EDT 2019
Job ID:     26770137.shared-sched.pace.gatech.edu
User ID:    jkretchmer3
Job name:   pdmet_timing4
Queue:      chemx
End PBS Prologue Tue Aug 27 13:03:09 EDT 2019
---------------------------------------
---------------------------------------
Begin PBS Epilogue Tue Aug 27 13:14:29 EDT 2019
Job ID:     26770137.shared-sched.pace.gatech.edu
User ID:    jkretchmer3
Job name:   pdmet_timing4
Resources:  neednodes=1:ppn=4,nodes=1:ppn=4,walltime=00:10:00
Rsrc Used:  cput=00:30:42,energy_used=0,mem=57996kb,vmem=1116772kb,walltime=00:11:20
Queue:      chemx
Nodes:     
rich133-k41-18-l.pace.gatech.edu
End PBS Epilogue Tue Aug 27 13:14:29 EDT 2019
---------------------------------------
