---------------------------------------
Begin PBS Prologue Tue Aug 27 10:58:02 EDT 2019
Job ID:     26769706.shared-sched.pace.gatech.edu
User ID:    jkretchmer3
Job name:   pdmet_timing1
Queue:      chemx
End PBS Prologue Tue Aug 27 10:58:02 EDT 2019
---------------------------------------
time for job = 221
---------------------------------------
Begin PBS Epilogue Tue Aug 27 11:01:44 EDT 2019
Job ID:     26769706.shared-sched.pace.gatech.edu
User ID:    jkretchmer3
Job name:   pdmet_timing1
Resources:  neednodes=1:ppn=1,nodes=1:ppn=1,walltime=00:10:00
Rsrc Used:  cput=00:03:14,energy_used=0,mem=51432kb,vmem=707176kb,walltime=00:03:42
Queue:      chemx
Nodes:     
rich133-k41-18-l.pace.gatech.edu
End PBS Epilogue Tue Aug 27 11:01:44 EDT 2019
---------------------------------------
