---------------------------------------
Begin PBS Prologue Tue Aug 27 13:02:23 EDT 2019
Job ID:     26770136.shared-sched.pace.gatech.edu
User ID:    jkretchmer3
Job name:   pdmet_timing3
Queue:      chemx
End PBS Prologue Tue Aug 27 13:02:23 EDT 2019
---------------------------------------
---------------------------------------
Begin PBS Epilogue Tue Aug 27 13:12:59 EDT 2019
Job ID:     26770136.shared-sched.pace.gatech.edu
User ID:    jkretchmer3
Job name:   pdmet_timing3
Resources:  neednodes=1:ppn=4,nodes=1:ppn=4,walltime=00:10:00
Rsrc Used:  cput=00:28:37,energy_used=0,mem=59800kb,vmem=1116768kb,walltime=00:10:36
Queue:      chemx
Nodes:     
rich133-k41-18-l.pace.gatech.edu
End PBS Epilogue Tue Aug 27 13:12:59 EDT 2019
---------------------------------------
