---------------------------------------
Begin PBS Prologue Mon Aug 26 18:37:55 EDT 2019
Job ID:     26759218.shared-sched.pace.gatech.edu
User ID:    jkretchmer3
Job name:   pdmet_test
Queue:      chemx
End PBS Prologue Mon Aug 26 18:37:55 EDT 2019
---------------------------------------
---------------------------------------
Begin PBS Epilogue Mon Aug 26 18:43:55 EDT 2019
Job ID:     26759218.shared-sched.pace.gatech.edu
User ID:    jkretchmer3
Job name:   pdmet_test
Resources:  neednodes=1:ppn=1,nodes=1:ppn=1,walltime=00:10:00
Rsrc Used:  cput=00:05:32,energy_used=0,mem=51384kb,vmem=707440kb,walltime=00:06:00
Queue:      chemx
Nodes:     
iw-p31-29-l.pace.gatech.edu
End PBS Epilogue Mon Aug 26 18:43:55 EDT 2019
---------------------------------------
