---------------------------------------
Begin PBS Prologue Tue Aug 27 12:54:17 EDT 2019
Job ID:     26770124.shared-sched.pace.gatech.edu
User ID:    jkretchmer3
Job name:   pyscf_test
Queue:      chemx
End PBS Prologue Tue Aug 27 12:54:17 EDT 2019
---------------------------------------
time for job = 5
---------------------------------------
Begin PBS Epilogue Tue Aug 27 12:54:23 EDT 2019
Job ID:     26770124.shared-sched.pace.gatech.edu
User ID:    jkretchmer3
Job name:   pyscf_test
Resources:  neednodes=1:ppn=1,nodes=1:ppn=1,walltime=00:01:00
Rsrc Used:  cput=00:00:00,energy_used=0,mem=0kb,vmem=0kb,walltime=00:00:06
Queue:      chemx
Nodes:     
rich133-k41-18-l.pace.gatech.edu
End PBS Epilogue Tue Aug 27 12:54:23 EDT 2019
---------------------------------------
