---------------------------------------
Begin PBS Prologue Tue Aug 27 12:45:03 EDT 2019
Job ID:     26770094.shared-sched.pace.gatech.edu
User ID:    jkretchmer3
Job name:   pdmet_timing1
Queue:      chemx
End PBS Prologue Tue Aug 27 12:45:03 EDT 2019
---------------------------------------
---------------------------------------
Begin PBS Epilogue Tue Aug 27 12:56:24 EDT 2019
Job ID:     26770094.shared-sched.pace.gatech.edu
User ID:    jkretchmer3
Job name:   pdmet_timing1
Resources:  neednodes=1:ppn=4,nodes=1:ppn=4,walltime=00:10:00
Rsrc Used:  cput=00:44:53,energy_used=0,mem=59748kb,vmem=1116756kb,walltime=00:11:21
Queue:      chemx
Nodes:     
rich133-k41-18-l.pace.gatech.edu
End PBS Epilogue Tue Aug 27 12:56:24 EDT 2019
---------------------------------------
